CallExpr: calloc @ /home/zane/software/dst2k-ta-pro/src/bank/lib/stpln_dst.c:37:28
CallExpr: fprintf @ /home/zane/software/dst2k-ta-pro/src/bank/lib/stpln_dst.c:40:7
CallExpr: exit @ /home/zane/software/dst2k-ta-pro/src/bank/lib/stpln_dst.c:41:7
CallExpr: stpln_bank_init @ /home/zane/software/dst2k-ta-pro/src/bank/lib/stpln_dst.c:53:27
CallExpr: dst_initbank_ @ /home/zane/software/dst2k-ta-pro/src/bank/lib/stpln_dst.c:56:16
CallExpr: dst_packi4_ @ /home/zane/software/dst2k-ta-pro/src/bank/lib/stpln_dst.c:59:16
CallExpr: dst_packi4asi2_ @ /home/zane/software/dst2k-ta-pro/src/bank/lib/stpln_dst.c:62:16
CallExpr: dst_packi4_ @ /home/zane/software/dst2k-ta-pro/src/bank/lib/stpln_dst.c:65:16
CallExpr: dst_packi4_ @ /home/zane/software/dst2k-ta-pro/src/bank/lib/stpln_dst.c:66:16
CallExpr: dst_packi4asi2_ @ /home/zane/software/dst2k-ta-pro/src/bank/lib/stpln_dst.c:73:18
CallExpr: dst_packi4asi2_ @ /home/zane/software/dst2k-ta-pro/src/bank/lib/stpln_dst.c:74:18
CallExpr: dst_packi4asi2_ @ /home/zane/software/dst2k-ta-pro/src/bank/lib/stpln_dst.c:75:18
CallExpr: dst_packi4asi2_ @ /home/zane/software/dst2k-ta-pro/src/bank/lib/stpln_dst.c:76:18
CallExpr: dst_packi4asi2_ @ /home/zane/software/dst2k-ta-pro/src/bank/lib/stpln_dst.c:77:18
CallExpr: dst_packr4_ @ /home/zane/software/dst2k-ta-pro/src/bank/lib/stpln_dst.c:79:18
CallExpr: dst_packr4_ @ /home/zane/software/dst2k-ta-pro/src/bank/lib/stpln_dst.c:80:18
CallExpr: dst_packr4_ @ /home/zane/software/dst2k-ta-pro/src/bank/lib/stpln_dst.c:81:18
CallExpr: dst_packr4_ @ /home/zane/software/dst2k-ta-pro/src/bank/lib/stpln_dst.c:82:18
CallExpr: dst_packr4_ @ /home/zane/software/dst2k-ta-pro/src/bank/lib/stpln_dst.c:83:18
CallExpr: dst_packr4_ @ /home/zane/software/dst2k-ta-pro/src/bank/lib/stpln_dst.c:87:18
CallExpr: dst_packr4_ @ /home/zane/software/dst2k-ta-pro/src/bank/lib/stpln_dst.c:89:18
CallExpr: dst_packi4asi2_ @ /home/zane/software/dst2k-ta-pro/src/bank/lib/stpln_dst.c:93:16
CallExpr: dst_packi4asi2_ @ /home/zane/software/dst2k-ta-pro/src/bank/lib/stpln_dst.c:94:16
CallExpr: dst_packi4asi2_ @ /home/zane/software/dst2k-ta-pro/src/bank/lib/stpln_dst.c:95:16
CallExpr: dst_packi4_ @ /home/zane/software/dst2k-ta-pro/src/bank/lib/stpln_dst.c:96:16
CallExpr: dst_packi4_ @ /home/zane/software/dst2k-ta-pro/src/bank/lib/stpln_dst.c:97:16
CallExpr: dst_packi4asi2_ @ /home/zane/software/dst2k-ta-pro/src/bank/lib/stpln_dst.c:100:16
CallExpr: dst_packi4asi2_ @ /home/zane/software/dst2k-ta-pro/src/bank/lib/stpln_dst.c:101:16
CallExpr: dst_packi4_ @ /home/zane/software/dst2k-ta-pro/src/bank/lib/stpln_dst.c:105:16
CallExpr: dst_packi4_ @ /home/zane/software/dst2k-ta-pro/src/bank/lib/stpln_dst.c:106:16
CallExpr: dst_write_bank_ @ /home/zane/software/dst2k-ta-pro/src/bank/lib/stpln_dst.c:113:10
CallExpr: stpln_common_to_bank_ @ /home/zane/software/dst2k-ta-pro/src/bank/lib/stpln_dst.c:119:16
CallExpr: fprintf @ /home/zane/software/dst2k-ta-pro/src/bank/lib/stpln_dst.c:121:7
CallExpr: exit @ /home/zane/software/dst2k-ta-pro/src/bank/lib/stpln_dst.c:122:7
CallExpr: stpln_bank_to_dst_ @ /home/zane/software/dst2k-ta-pro/src/bank/lib/stpln_dst.c:124:16
CallExpr: fprintf @ /home/zane/software/dst2k-ta-pro/src/bank/lib/stpln_dst.c:126:7
CallExpr: exit @ /home/zane/software/dst2k-ta-pro/src/bank/lib/stpln_dst.c:127:7
CallExpr: dst_unpacki4_ @ /home/zane/software/dst2k-ta-pro/src/bank/lib/stpln_dst.c:142:16
CallExpr: dst_unpacki4_ @ /home/zane/software/dst2k-ta-pro/src/bank/lib/stpln_dst.c:143:16
CallExpr: dst_unpacki4_ @ /home/zane/software/dst2k-ta-pro/src/bank/lib/stpln_dst.c:147:16
CallExpr: dst_unpacki2asi4_ @ /home/zane/software/dst2k-ta-pro/src/bank/lib/stpln_dst.c:150:16
CallExpr: dst_unpacki4_ @ /home/zane/software/dst2k-ta-pro/src/bank/lib/stpln_dst.c:153:16
CallExpr: dst_unpacki4_ @ /home/zane/software/dst2k-ta-pro/src/bank/lib/stpln_dst.c:154:16
CallExpr: dst_unpacki2asi4_ @ /home/zane/software/dst2k-ta-pro/src/bank/lib/stpln_dst.c:160:18
CallExpr: dst_unpacki2asi4_ @ /home/zane/software/dst2k-ta-pro/src/bank/lib/stpln_dst.c:161:18
CallExpr: dst_unpacki2asi4_ @ /home/zane/software/dst2k-ta-pro/src/bank/lib/stpln_dst.c:162:18
CallExpr: dst_unpacki2asi4_ @ /home/zane/software/dst2k-ta-pro/src/bank/lib/stpln_dst.c:163:18
CallExpr: dst_unpacki2asi4_ @ /home/zane/software/dst2k-ta-pro/src/bank/lib/stpln_dst.c:164:18
CallExpr: dst_unpackr4_ @ /home/zane/software/dst2k-ta-pro/src/bank/lib/stpln_dst.c:166:18
CallExpr: dst_unpackr4_ @ /home/zane/software/dst2k-ta-pro/src/bank/lib/stpln_dst.c:167:18
CallExpr: dst_unpackr4_ @ /home/zane/software/dst2k-ta-pro/src/bank/lib/stpln_dst.c:168:18
CallExpr: dst_unpackr4_ @ /home/zane/software/dst2k-ta-pro/src/bank/lib/stpln_dst.c:169:18
CallExpr: dst_unpackr4_ @ /home/zane/software/dst2k-ta-pro/src/bank/lib/stpln_dst.c:170:18
CallExpr: dst_unpackr4_ @ /home/zane/software/dst2k-ta-pro/src/bank/lib/stpln_dst.c:173:18
CallExpr: dst_unpackr4_ @ /home/zane/software/dst2k-ta-pro/src/bank/lib/stpln_dst.c:175:18
CallExpr: dst_unpacki2asi4_ @ /home/zane/software/dst2k-ta-pro/src/bank/lib/stpln_dst.c:179:16
CallExpr: dst_unpacki2asi4_ @ /home/zane/software/dst2k-ta-pro/src/bank/lib/stpln_dst.c:180:16
CallExpr: dst_unpacki2asi4_ @ /home/zane/software/dst2k-ta-pro/src/bank/lib/stpln_dst.c:181:16
CallExpr: dst_unpacki4_ @ /home/zane/software/dst2k-ta-pro/src/bank/lib/stpln_dst.c:182:16
CallExpr: dst_unpacki4_ @ /home/zane/software/dst2k-ta-pro/src/bank/lib/stpln_dst.c:183:16
CallExpr: dst_unpacki2asi4_ @ /home/zane/software/dst2k-ta-pro/src/bank/lib/stpln_dst.c:187:16
CallExpr: dst_unpacki2asi4_ @ /home/zane/software/dst2k-ta-pro/src/bank/lib/stpln_dst.c:188:16
CallExpr: dst_unpacki4_ @ /home/zane/software/dst2k-ta-pro/src/bank/lib/stpln_dst.c:193:20
CallExpr: dst_unpacki4_ @ /home/zane/software/dst2k-ta-pro/src/bank/lib/stpln_dst.c:194:20
CallExpr: stpln_common_to_dumpf_ @ /home/zane/software/dst2k-ta-pro/src/bank/lib/stpln_dst.c:213:10
CallExpr: fprintf @ /home/zane/software/dst2k-ta-pro/src/bank/lib/stpln_dst.c:220:3
CallExpr: fprintf @ /home/zane/software/dst2k-ta-pro/src/bank/lib/stpln_dst.c:225:3
CallExpr: fprintf @ /home/zane/software/dst2k-ta-pro/src/bank/lib/stpln_dst.c:231:5
CallExpr: fprintf @ /home/zane/software/dst2k-ta-pro/src/bank/lib/stpln_dst.c:232:5
CallExpr: fprintf @ /home/zane/software/dst2k-ta-pro/src/bank/lib/stpln_dst.c:233:5
CallExpr: sqrt @ /home/zane/software/dst2k-ta-pro/src/bank/lib/stpln_dst.c:234:31
CallExpr: fprintf @ /home/zane/software/dst2k-ta-pro/src/bank/lib/stpln_dst.c:235:5
CallExpr: sqrt @ /home/zane/software/dst2k-ta-pro/src/bank/lib/stpln_dst.c:236:31
CallExpr: fprintf @ /home/zane/software/dst2k-ta-pro/src/bank/lib/stpln_dst.c:237:5
CallExpr: sqrt @ /home/zane/software/dst2k-ta-pro/src/bank/lib/stpln_dst.c:238:31
CallExpr: fprintf @ /home/zane/software/dst2k-ta-pro/src/bank/lib/stpln_dst.c:240:7
CallExpr: fprintf @ /home/zane/software/dst2k-ta-pro/src/bank/lib/stpln_dst.c:242:5
CallExpr: fprintf @ /home/zane/software/dst2k-ta-pro/src/bank/lib/stpln_dst.c:245:5
CallExpr: fprintf @ /home/zane/software/dst2k-ta-pro/src/bank/lib/stpln_dst.c:249:3
CallExpr: fprintf @ /home/zane/software/dst2k-ta-pro/src/bank/lib/stpln_dst.c:254:5
CallExpr: fprintf @ /home/zane/software/dst2k-ta-pro/src/bank/lib/stpln_dst.c:257:5
CallExpr: fprintf @ /home/zane/software/dst2k-ta-pro/src/bank/lib/stpln_dst.c:266:7
CallExpr: fprintf @ /home/zane/software/dst2k-ta-pro/src/bank/lib/stpln_dst.c:271:3
